Listening for transport dt_socket at address: 8000
09:57:06,492 INFO  ~ Starting /root/play/chisha
09:57:07,051 WARN  ~ You're running Play! in DEV mode
09:57:07,163 INFO  ~ Listening for HTTP on port 9000 (Waiting a first request to start) ...
09:57:14,605 INFO  ~ Connected to jdbc:h2:mem:play;MODE=MYSQL;DB_CLOSE_ON_EXIT=FALSE
09:57:15,696 INFO  ~ HHH000262: Table not found: Comment
09:57:15,697 INFO  ~ HHH000262: Table not found: Post
09:57:15,700 INFO  ~ HHH000262: Table not found: TAB_USER
09:57:15,701 INFO  ~ HHH000262: Table not found: Comment
09:57:15,702 INFO  ~ HHH000262: Table not found: Post
09:57:15,704 INFO  ~ HHH000262: Table not found: TAB_USER
09:57:15,797 INFO  ~ Application 'chisha' is now started !
22:09:58,252 ERROR ~ 

@6blm67i2j
Internal Server Error (500) for request GET /

Template not found (In /app/controllers/Application.java around line 17)
The template Application/index.html does not exist.

play.exceptions.TemplateNotFoundException: Template not found : Application/index.html
	at play.mvc.Controller.renderTemplate(Controller.java:667)
	at play.mvc.Controller.renderTemplate(Controller.java:640)
	at play.mvc.Controller.render(Controller.java:695)
	at controllers.Application.index(Application.java:17)
	at play.mvc.ActionInvoker.invokeWithContinuation(ActionInvoker.java:557)
	at play.mvc.ActionInvoker.invoke(ActionInvoker.java:508)
	at play.mvc.ActionInvoker.invokeControllerMethod(ActionInvoker.java:484)
	at play.mvc.ActionInvoker.invokeControllerMethod(ActionInvoker.java:479)
	at play.mvc.ActionInvoker.invoke(ActionInvoker.java:161)
	at Invocation.HTTP Request(Play!)
22:24:22,254 ERROR ~ 

@6blm67i2k
Internal Server Error (500) for request GET /

Template execution error (In /app/views/tags/display.html around line 8)
Execution error occured in template /app/views/tags/display.html. Exception raised was MissingMethodException : No signature of method: java.sql.Timestamp.formate() is applicable for argument types: (java.lang.String) values: [dd MMM yy] Possible solutions: format(java.lang.String), format(java.lang.String, java.util.TimeZone), getDate(), parse(java.lang.String), setDate(int).

play.exceptions.TemplateExecutionException: No signature of method: java.sql.Timestamp.formate() is applicable for argument types: (java.lang.String) values: [dd MMM yy]
Possible solutions: format(java.lang.String), format(java.lang.String, java.util.TimeZone), getDate(), parse(java.lang.String), setDate(int)
	at play.templates.BaseTemplate.throwException(BaseTemplate.java:86)
	at play.templates.GroovyTemplate.internalRender(GroovyTemplate.java:272)
	at play.templates.GroovyTemplate$ExecutableTemplate.invokeTag(GroovyTemplate.java:401)
	at /app/views/Application/index.html.(line:4)
	at play.templates.GroovyTemplate.internalRender(GroovyTemplate.java:247)
	at play.templates.Template.render(Template.java:26)
	at play.templates.GroovyTemplate.render(GroovyTemplate.java:202)
	at play.mvc.results.RenderTemplate.<init>(RenderTemplate.java:24)
	at play.mvc.Controller.renderTemplate(Controller.java:660)
	at play.mvc.Controller.renderTemplate(Controller.java:640)
	at play.mvc.Controller.render(Controller.java:695)
	at controllers.Application.index(Application.java:17)
	at play.mvc.ActionInvoker.invokeWithContinuation(ActionInvoker.java:557)
	at play.mvc.ActionInvoker.invoke(ActionInvoker.java:508)
	at play.mvc.ActionInvoker.invokeControllerMethod(ActionInvoker.java:484)
	at play.mvc.ActionInvoker.invokeControllerMethod(ActionInvoker.java:479)
	at play.mvc.ActionInvoker.invoke(ActionInvoker.java:161)
	at Invocation.HTTP Request(Play!)
Caused by: groovy.lang.MissingMethodException: No signature of method: java.sql.Timestamp.formate() is applicable for argument types: (java.lang.String) values: [dd MMM yy]
Possible solutions: format(java.lang.String), format(java.lang.String, java.util.TimeZone), getDate(), parse(java.lang.String), setDate(int)
	at /app/views/tags/display.html.(line:8)
	at play.templates.GroovyTemplate.internalRender(GroovyTemplate.java:247)
	... 16 more
